Using pre-set license
Built from '2021.3/staging' branch; Version is '2021.3.25f1 (68ef2c4f8861) revision 6876972'; Using compiler version '192829333'; Build Type 'Release'
OS: 'Windows 11  (10.0.22621) 64bit Core' Language: 'en' Physical Memory: 16222 MB
BatchMode: 1, IsHumanControllingUs: 0, StartBugReporterOnCrash: 0, Is64bit: 1, IsPro: 1

COMMAND LINE ARGUMENTS:
C:\Program Files\Unity 2021.3.25f1\Editor\Unity.exe
-adb2
-batchMode
-noUpm
-name
AssetImportWorker4
-projectPath
C:/Users/victo/Documents/GitHub/cm2-unity1-module3-template
-logFile
Logs/AssetImportWorker4.log
-srvPort
49599
Successfully changed project path to: C:/Users/victo/Documents/GitHub/cm2-unity1-module3-template
C:/Users/victo/Documents/GitHub/cm2-unity1-module3-template
[UnityMemory] Configuration Parameters - Can be set up in boot.config
    "memorysetup-bucket-allocator-granularity=16"
    "memorysetup-bucket-allocator-bucket-count=8"
    "memorysetup-bucket-allocator-block-size=33554432"
    "memorysetup-bucket-allocator-block-count=8"
    "memorysetup-main-allocator-block-size=16777216"
    "memorysetup-thread-allocator-block-size=16777216"
    "memorysetup-gfx-main-allocator-block-size=16777216"
    "memorysetup-gfx-thread-allocator-block-size=16777216"
    "memorysetup-cache-allocator-block-size=4194304"
    "memorysetup-typetree-allocator-block-size=2097152"
    "memorysetup-profiler-bucket-allocator-granularity=16"
    "memorysetup-profiler-bucket-allocator-bucket-count=8"
    "memorysetup-profiler-bucket-allocator-block-size=33554432"
    "memorysetup-profiler-bucket-allocator-block-count=8"
    "memorysetup-profiler-allocator-block-size=16777216"
    "memorysetup-profiler-editor-allocator-block-size=1048576"
    "memorysetup-temp-allocator-size-main=16777216"
    "memorysetup-job-temp-allocator-block-size=2097152"
    "memorysetup-job-temp-allocator-block-size-background=1048576"
    "memorysetup-job-temp-allocator-reduction-small-platforms=262144"
    "memorysetup-temp-allocator-size-background-worker=32768"
    "memorysetup-temp-allocator-size-job-worker=262144"
    "memorysetup-temp-allocator-size-preload-manager=33554432"
    "memorysetup-temp-allocator-size-nav-mesh-worker=65536"
    "memorysetup-temp-allocator-size-audio-worker=65536"
    "memorysetup-temp-allocator-size-cloud-worker=32768"
    "memorysetup-temp-allocator-size-gi-baking-worker=262144"
    "memorysetup-temp-allocator-size-gfx=262144"
Player connection [900] Host "[IP] 192.168.0.34 [Port] 0 [Flags] 2 [Guid] 1653479594 [EditorId] 1653479594 [Version] 1048832 [Id] WindowsEditor(7,BigPhan) [Debug] 1 [PackageName] WindowsEditor [ProjectName] Editor" joined multi-casting on [225.0.0.222:54997]...

Player connection [900] Host "[IP] 192.168.0.34 [Port] 0 [Flags] 2 [Guid] 1653479594 [EditorId] 1653479594 [Version] 1048832 [Id] WindowsEditor(7,BigPhan) [Debug] 1 [PackageName] WindowsEditor [ProjectName] Editor" joined alternative multi-casting on [225.0.0.222:34997]...

Refreshing native plugins compatible for Editor in 23.80 ms, found 2 plugins.
Preloading 0 native plugins for Editor in 0.00 ms.
Initialize engine version: 2021.3.25f1 (68ef2c4f8861)
[Subsystems] Discovering subsystems at path C:/Program Files/Unity 2021.3.25f1/Editor/Data/Resources/UnitySubsystems
[Subsystems] Discovering subsystems at path C:/Users/victo/Documents/GitHub/cm2-unity1-module3-template/Assets
GfxDevice: creating device client; threaded=0; jobified=0
Direct3D:
    Version:  Direct3D 11.0 [level 11.1]
    Renderer: NVIDIA GeForce RTX 3070 (ID=0x2488)
    Vendor:   NVIDIA
    VRAM:     8032 MB
    Driver:   31.0.15.3179
Initialize mono
Mono path[0] = 'C:/Program Files/Unity 2021.3.25f1/Editor/Data/Managed'
Mono path[1] = 'C:/Program Files/Unity 2021.3.25f1/Editor/Data/MonoBleedingEdge/lib/mono/unityjit-win32'
Mono config path = 'C:/Program Files/Unity 2021.3.25f1/Editor/Data/MonoBleedingEdge/etc'
Using monoOptions --debugger-agent=transport=dt_socket,embedding=1,server=y,suspend=n,address=127.0.0.1:56116
Begin MonoManager ReloadAssembly
Registering precompiled unity dll's ...
Register platform support module: C:/Program Files/Unity 2021.3.25f1/Editor/Data/PlaybackEngines/WindowsStandaloneSupport/UnityEditor.WindowsStandalone.Extensions.dll
Registered in 0.002410 seconds.
Native extension for WindowsStandalone target not found
Refreshing native plugins compatible for Editor in 20.82 ms, found 2 plugins.
Preloading 0 native plugins for Editor in 0.00 ms.
Mono: successfully reloaded assembly
- Completed reload, in  0.512 seconds
Domain Reload Profiling:
	ReloadAssembly (512ms)
		BeginReloadAssembly (70ms)
			ExecutionOrderSort (0ms)
			DisableScriptedObjects (0ms)
			BackupInstance (0ms)
			ReleaseScriptingObjects (0ms)
			CreateAndSetChildDomain (1ms)
		EndReloadAssembly (355ms)
			LoadAssemblies (67ms)
			RebuildTransferFunctionScriptingTraits (0ms)
			SetupTypeCache (94ms)
			ReleaseScriptCaches (0ms)
			RebuildScriptCaches (24ms)
			SetupLoadedEditorAssemblies (193ms)
				LogAssemblyErrors (0ms)
				InitializePlatformSupportModulesInManaged (6ms)
				SetLoadedEditorAssemblies (0ms)
				RefreshPlugins (21ms)
				BeforeProcessingInitializeOnLoad (1ms)
				ProcessInitializeOnLoadAttributes (115ms)
				ProcessInitializeOnLoadMethodAttributes (50ms)
				AfterProcessingInitializeOnLoad (0ms)
				EditorAssembliesLoaded (0ms)
			ExecutionOrderSort2 (0ms)
			AwakeInstancesAfterBackupRestoration (0ms)
Platform modules already initialized, skipping
Registering precompiled user dll's ...
Registered in 0.001894 seconds.
Begin MonoManager ReloadAssembly
Native extension for WindowsStandalone target not found
Refreshing native plugins compatible for Editor in 0.31 ms, found 2 plugins.
Preloading 0 native plugins for Editor in 0.00 ms.
Mono: successfully reloaded assembly
- Completed reload, in  0.672 seconds
Domain Reload Profiling:
	ReloadAssembly (672ms)
		BeginReloadAssembly (104ms)
			ExecutionOrderSort (0ms)
			DisableScriptedObjects (6ms)
			BackupInstance (0ms)
			ReleaseScriptingObjects (0ms)
			CreateAndSetChildDomain (14ms)
		EndReloadAssembly (483ms)
			LoadAssemblies (70ms)
			RebuildTransferFunctionScriptingTraits (0ms)
			SetupTypeCache (134ms)
			ReleaseScriptCaches (0ms)
			RebuildScriptCaches (32ms)
			SetupLoadedEditorAssemblies (221ms)
				LogAssemblyErrors (0ms)
				InitializePlatformSupportModulesInManaged (4ms)
				SetLoadedEditorAssemblies (0ms)
				RefreshPlugins (0ms)
				BeforeProcessingInitializeOnLoad (39ms)
				ProcessInitializeOnLoadAttributes (151ms)
				ProcessInitializeOnLoadMethodAttributes (20ms)
				AfterProcessingInitializeOnLoad (5ms)
				EditorAssembliesLoaded (0ms)
			ExecutionOrderSort2 (0ms)
			AwakeInstancesAfterBackupRestoration (5ms)
Platform modules already initialized, skipping
========================================================================
Worker process is ready to serve import requests
Launched and connected shader compiler UnityShaderCompiler.exe after 0.03 seconds
Refreshing native plugins compatible for Editor in 0.25 ms, found 2 plugins.
Preloading 0 native plugins for Editor in 0.00 ms.
Unloading 1605 Unused Serialized files (Serialized files now loaded: 0)
Unloading 32 unused Assets / (1.3 MB). Loaded Objects now: 2088.
Memory consumption went from 114.4 MB to 113.1 MB.
Total: 2.246100 ms (FindLiveObjects: 0.100900 ms CreateObjectMapping: 0.027600 ms MarkObjects: 1.922200 ms  DeleteObjects: 0.194400 ms)

AssetImportParameters requested are different than current active one (requested -> active):
  custom:video-decoder-ogg-theora: a1e56fd34408186e4bbccfd4996cb3dc -> 
  custom:container-muxer-webm: aa71ff27fc2769a1b78a27578f13a17b -> 
  custom:container-demuxer-webm: 4f35f7cbe854078d1ac9338744f61a02 -> 
  custom:video-encoder-webm-vp8: eb34c28f22e8b96e1ab97ce403110664 -> 
  custom:video-codec-MediaFoundation-h265: 746d11721c4dcdbdad8f713fa42b33f4 -> 
  custom:audio-encoder-webm-vorbis: bf7c407c2cedff20999df2af8eb42d56 -> 
  custom:framework-win-MediaFoundation: 216162199b28c13a410421893ffa2e32 -> 
  custom:container-demuxer-ogg: 62fdf1f143b41e24485cea50d1cbac27 -> 
  custom:video-decoder-webm-vp8: 9c59270c3fd7afecdb556c50c9e8de78 -> 
  custom:audio-decoder-ogg-vorbis: bf7c407c2cedff20999df2af8eb42d56 -> 
========================================================================
Received Import Request.
  Time since last request: 43086.770271 seconds.
  path: Assets/Models/PalmTreeDualStraightTwoSided.prefab
  artifactKey: Guid(5e617e90ac28ce7488be6a63235b1f32) Importer(815301076,1909f56bfc062723c751e8b465ee728b)
Start importing Assets/Models/PalmTreeDualStraightTwoSided.prefab using Guid(5e617e90ac28ce7488be6a63235b1f32) Importer(815301076,1909f56bfc062723c751e8b465ee728b)  -> (artifact id: 'af0030e4a5a3891b68245de996184156') in 0.233358 seconds 
========================================================================
Received Import Request.
  Time since last request: 0.172562 seconds.
  path: Assets/Models/PalmTreeTrioOneSided.prefab
  artifactKey: Guid(2ed7cc7e3c944414d8f3fabb4d533018) Importer(815301076,1909f56bfc062723c751e8b465ee728b)
Start importing Assets/Models/PalmTreeTrioOneSided.prefab using Guid(2ed7cc7e3c944414d8f3fabb4d533018) Importer(815301076,1909f56bfc062723c751e8b465ee728b)  -> (artifact id: 'acef1916bedaf05b5da39ee99eed2a79') in 0.031156 seconds 
========================================================================
Received Import Request.
  Time since last request: 0.000021 seconds.
  path: Assets/Models/Rock.prefab
  artifactKey: Guid(a8a0f57dfac5b7f4aa99100d9dac6c01) Importer(815301076,1909f56bfc062723c751e8b465ee728b)
Start importing Assets/Models/Rock.prefab using Guid(a8a0f57dfac5b7f4aa99100d9dac6c01) Importer(815301076,1909f56bfc062723c751e8b465ee728b)  -> (artifact id: '786a7198f6a2ca76ad6e6a40e2cd8e22') in 0.018028 seconds 
========================================================================
Received Import Request.
  Time since last request: 0.000025 seconds.
  path: Assets/Models/SpeedBumps.prefab
  artifactKey: Guid(1d6d8bf4091ad454b949c3b23e94fae3) Importer(815301076,1909f56bfc062723c751e8b465ee728b)
Start importing Assets/Models/SpeedBumps.prefab using Guid(1d6d8bf4091ad454b949c3b23e94fae3) Importer(815301076,1909f56bfc062723c751e8b465ee728b)  -> (artifact id: 'ef04e7a606a355ccd1a4e3e0cbc6ac7d') in 0.173077 seconds 
========================================================================
Received Import Request.
  Time since last request: 0.000023 seconds.
  path: Assets/Models/RocksScatter.prefab
  artifactKey: Guid(7dd8b689dff4b7b40b4657a66c3bcbb1) Importer(815301076,1909f56bfc062723c751e8b465ee728b)
Start importing Assets/Models/RocksScatter.prefab using Guid(7dd8b689dff4b7b40b4657a66c3bcbb1) Importer(815301076,1909f56bfc062723c751e8b465ee728b)  -> (artifact id: '15819a647b2da670154d7ea26164fec8') in 0.013457 seconds 
========================================================================
Received Import Request.
  Time since last request: 0.171705 seconds.
  path: Assets/Models/Water4Simple.prefab
  artifactKey: Guid(843740dbe549a4a6ba9556d1b80001f5) Importer(815301076,1909f56bfc062723c751e8b465ee728b)
Start importing Assets/Models/Water4Simple.prefab using Guid(843740dbe549a4a6ba9556d1b80001f5) Importer(815301076,1909f56bfc062723c751e8b465ee728b)  -> (artifact id: 'd8692459db70de0e7924b3513f4e76c9') in 0.023548 seconds 
========================================================================
Received Import Request.
  Time since last request: 1.914030 seconds.
  path: Assets/Textures/SandAlbedo.mat
  artifactKey: Guid(6bbd30231f5f54b4db18ad6cc76c452c) Importer(815301076,1909f56bfc062723c751e8b465ee728b)
Start importing Assets/Textures/SandAlbedo.mat using Guid(6bbd30231f5f54b4db18ad6cc76c452c) Importer(815301076,1909f56bfc062723c751e8b465ee728b)  -> (artifact id: '6a0dd4e0ddb3fb45c028e134327f2639') in 0.036420 seconds 
========================================================================
Received Import Request.
  Time since last request: 0.000018 seconds.
  path: Assets/Textures/TarmacCautionAlbedo.tif
  artifactKey: Guid(50f1f49e1480eb64ab2fb5cafe682e0f) Importer(815301076,1909f56bfc062723c751e8b465ee728b)
Start importing Assets/Textures/TarmacCautionAlbedo.tif using Guid(50f1f49e1480eb64ab2fb5cafe682e0f) Importer(815301076,1909f56bfc062723c751e8b465ee728b)  -> (artifact id: '7b380c351d41bdd6ffdc3f3058dc8020') in 0.025984 seconds 
========================================================================
Received Import Request.
  Time since last request: 0.000022 seconds.
  path: Assets/Textures/TarmacDirtAlbedo.tif
  artifactKey: Guid(b84916b71d73cb1499d60802482f4323) Importer(815301076,1909f56bfc062723c751e8b465ee728b)
Start importing Assets/Textures/TarmacDirtAlbedo.tif using Guid(b84916b71d73cb1499d60802482f4323) Importer(815301076,1909f56bfc062723c751e8b465ee728b)  -> (artifact id: '188167b91067711b1283a228d7d08714') in 0.012311 seconds 
========================================================================
Received Import Request.
  Time since last request: 0.000020 seconds.
  path: Assets/Textures/TarmacAlbedo.tif
  artifactKey: Guid(f8888d01657b65d48ada7b5e347d7ce3) Importer(815301076,1909f56bfc062723c751e8b465ee728b)
Start importing Assets/Textures/TarmacAlbedo.tif using Guid(f8888d01657b65d48ada7b5e347d7ce3) Importer(815301076,1909f56bfc062723c751e8b465ee728b)  -> (artifact id: '233da404419c8320f9fdec014c14ea69') in 0.014272 seconds 
========================================================================
Received Import Request.
  Time since last request: 55.250630 seconds.
  path: Assets/Textures/RockSharp.mat
  artifactKey: Guid(286d617a56dd972418a57faa162226b3) Importer(815301076,1909f56bfc062723c751e8b465ee728b)
Start importing Assets/Textures/RockSharp.mat using Guid(286d617a56dd972418a57faa162226b3) Importer(815301076,1909f56bfc062723c751e8b465ee728b)  -> (artifact id: 'b5d6caf88075ea5107a11762c0e65677') in 0.013094 seconds 
========================================================================
Received Import Request.
  Time since last request: 19.883051 seconds.
  path: Assets/Textures/RockSharp.mat
  artifactKey: Guid(286d617a56dd972418a57faa162226b3) Importer(815301076,1909f56bfc062723c751e8b465ee728b)
Start importing Assets/Textures/RockSharp.mat using Guid(286d617a56dd972418a57faa162226b3) Importer(815301076,1909f56bfc062723c751e8b465ee728b)  -> (artifact id: '68b9b6cbbc41840bf865a094bdc1c29b') in 0.010052 seconds 
========================================================================
Received Import Request.
  Time since last request: 16.362315 seconds.
  path: Assets/Scenes/Exercise_3-5.unity
  artifactKey: Guid(867ebd7509cc4c344b3ffcd932013705) Importer(815301076,1909f56bfc062723c751e8b465ee728b)
Start importing Assets/Scenes/Exercise_3-5.unity using Guid(867ebd7509cc4c344b3ffcd932013705) Importer(815301076,1909f56bfc062723c751e8b465ee728b)  -> (artifact id: '99838278526987e3607f7479fb0a5e3c') in 0.007096 seconds 
========================================================================
Received Import Request.
  Time since last request: 17.604442 seconds.
  path: Assets/Scenes/Exercise_3-51.unity
  artifactKey: Guid(867ebd7509cc4c344b3ffcd932013705) Importer(815301076,1909f56bfc062723c751e8b465ee728b)
Start importing Assets/Scenes/Exercise_3-51.unity using Guid(867ebd7509cc4c344b3ffcd932013705) Importer(815301076,1909f56bfc062723c751e8b465ee728b)  -> (artifact id: 'c6aea713536cacfa2ba4b0510807a2b5') in 0.008381 seconds 
========================================================================
Received Import Request.
  Time since last request: 5.247495 seconds.
  path: Assets/Scenes/Exercise_3-5.unity
  artifactKey: Guid(a7a0fed62c4566c488c826cd7f015770) Importer(815301076,1909f56bfc062723c751e8b465ee728b)
Start importing Assets/Scenes/Exercise_3-5.unity using Guid(a7a0fed62c4566c488c826cd7f015770) Importer(815301076,1909f56bfc062723c751e8b465ee728b)  -> (artifact id: '8a5fab942ca1b94d91aab54dcac9f1db') in 0.002149 seconds 
========================================================================
Received Import Request.
  Time since last request: 14.492542 seconds.
  path: Assets/Solutions/Exercise_3-5.unity
  artifactKey: Guid(b6d44dabfc31e104f9a17c34220875cd) Importer(815301076,1909f56bfc062723c751e8b465ee728b)
Start importing Assets/Solutions/Exercise_3-5.unity using Guid(b6d44dabfc31e104f9a17c34220875cd) Importer(815301076,1909f56bfc062723c751e8b465ee728b)  -> (artifact id: '6acbcb9d71be9ac3678f605337cc0cf8') in 0.001819 seconds 
========================================================================
Received Prepare
Registering precompiled user dll's ...
Registered in 0.002110 seconds.
Begin MonoManager ReloadAssembly
Native extension for WindowsStandalone target not found
Refreshing native plugins compatible for Editor in 0.33 ms, found 2 plugins.
Preloading 0 native plugins for Editor in 0.00 ms.
Mono: successfully reloaded assembly
- Completed reload, in  0.688 seconds
Domain Reload Profiling:
	ReloadAssembly (688ms)
		BeginReloadAssembly (106ms)
			ExecutionOrderSort (0ms)
			DisableScriptedObjects (4ms)
			BackupInstance (0ms)
			ReleaseScriptingObjects (0ms)
			CreateAndSetChildDomain (22ms)
		EndReloadAssembly (505ms)
			LoadAssemblies (65ms)
			RebuildTransferFunctionScriptingTraits (0ms)
			SetupTypeCache (138ms)
			ReleaseScriptCaches (1ms)
			RebuildScriptCaches (31ms)
			SetupLoadedEditorAssemblies (244ms)
				LogAssemblyErrors (0ms)
				InitializePlatformSupportModulesInManaged (4ms)
				SetLoadedEditorAssemblies (0ms)
				RefreshPlugins (0ms)
				BeforeProcessingInitializeOnLoad (42ms)
				ProcessInitializeOnLoadAttributes (171ms)
				ProcessInitializeOnLoadMethodAttributes (22ms)
				AfterProcessingInitializeOnLoad (5ms)
				EditorAssembliesLoaded (0ms)
			ExecutionOrderSort2 (0ms)
			AwakeInstancesAfterBackupRestoration (6ms)
Platform modules already initialized, skipping
Refreshing native plugins compatible for Editor in 1.24 ms, found 2 plugins.
Preloading 0 native plugins for Editor in 0.00 ms.
Unloading 1546 Unused Serialized files (Serialized files now loaded: 0)
Unloading 21 unused Assets / (1.2 MB). Loaded Objects now: 2135.
Memory consumption went from 112.7 MB to 111.5 MB.
Total: 2.410800 ms (FindLiveObjects: 0.109000 ms CreateObjectMapping: 0.036600 ms MarkObjects: 2.105500 ms  DeleteObjects: 0.158700 ms)

AssetImportParameters requested are different than current active one (requested -> active):
  custom:video-decoder-ogg-theora: a1e56fd34408186e4bbccfd4996cb3dc -> 
  custom:container-muxer-webm: aa71ff27fc2769a1b78a27578f13a17b -> 
  custom:container-demuxer-webm: 4f35f7cbe854078d1ac9338744f61a02 -> 
  custom:video-encoder-webm-vp8: eb34c28f22e8b96e1ab97ce403110664 -> 
  custom:video-codec-MediaFoundation-h265: 746d11721c4dcdbdad8f713fa42b33f4 -> 
  custom:audio-encoder-webm-vorbis: bf7c407c2cedff20999df2af8eb42d56 -> 
  custom:framework-win-MediaFoundation: 216162199b28c13a410421893ffa2e32 -> 
  custom:container-demuxer-ogg: 62fdf1f143b41e24485cea50d1cbac27 -> 
  custom:video-decoder-webm-vp8: 9c59270c3fd7afecdb556c50c9e8de78 -> 
  custom:audio-decoder-ogg-vorbis: bf7c407c2cedff20999df2af8eb42d56 -> 
========================================================================
Received Import Request.
  Time since last request: 200.895766 seconds.
  path: Assets/Solutions/Mini_Project.unity
  artifactKey: Guid(b2263ccab17a688499271661d623e67f) Importer(815301076,1909f56bfc062723c751e8b465ee728b)
Start importing Assets/Solutions/Mini_Project.unity using Guid(b2263ccab17a688499271661d623e67f) Importer(815301076,1909f56bfc062723c751e8b465ee728b)  -> (artifact id: '7790b3d496a118baaf185ad307e47e34') in 0.004822 seconds 
========================================================================
Received Import Request.
  Time since last request: 27.717958 seconds.
  path: Assets/Terrain/GrassHillLayer.terrainlayer
  artifactKey: Guid(724f5738f043f74448803105abe414cd) Importer(815301076,1909f56bfc062723c751e8b465ee728b)
Start importing Assets/Terrain/GrassHillLayer.terrainlayer using Guid(724f5738f043f74448803105abe414cd) Importer(815301076,1909f56bfc062723c751e8b465ee728b)  -> (artifact id: '4243a33b5038f00a44b5db7e10bbcb7e') in 0.036342 seconds 
========================================================================
Received Import Request.
  Time since last request: 76.099447 seconds.
  path: Assets/Terrain/RockSharp.terrainlayer
  artifactKey: Guid(e31e60f856f8349418bf786967e9f1a7) Importer(815301076,1909f56bfc062723c751e8b465ee728b)
Start importing Assets/Terrain/RockSharp.terrainlayer using Guid(e31e60f856f8349418bf786967e9f1a7) Importer(815301076,1909f56bfc062723c751e8b465ee728b)  -> (artifact id: '8caa33a54e4cc14647b742d1f09f5ebd') in 0.012021 seconds 
========================================================================
Received Import Request.
  Time since last request: 2.630635 seconds.
  path: Assets/Terrain/MuddyRock.terrainlayer
  artifactKey: Guid(febb182fddbb60f479697082946f6cd5) Importer(815301076,1909f56bfc062723c751e8b465ee728b)
Start importing Assets/Terrain/MuddyRock.terrainlayer using Guid(febb182fddbb60f479697082946f6cd5) Importer(815301076,1909f56bfc062723c751e8b465ee728b)  -> (artifact id: '524c4e010e8c99d07d73525e0481615e') in 0.011719 seconds 
========================================================================
Received Import Request.
  Time since last request: 157.985819 seconds.
  path: Assets/Models/CarParts
  artifactKey: Guid(78c416abdb3b91c4caca39ad7392a982) Importer(815301076,1909f56bfc062723c751e8b465ee728b)
Start importing Assets/Models/CarParts using Guid(78c416abdb3b91c4caca39ad7392a982) Importer(815301076,1909f56bfc062723c751e8b465ee728b)  -> (artifact id: 'bf44a9bb4306323794f77bb0da47e886') in 0.006924 seconds 
========================================================================
Received Import Request.
  Time since last request: 2.399798 seconds.
  path: Assets/Models/CarParts/FamilyCarChassis.fbx
  artifactKey: Guid(f4eb283b24578414285b7b5691a8c643) Importer(815301076,1909f56bfc062723c751e8b465ee728b)
Start importing Assets/Models/CarParts/FamilyCarChassis.fbx using Guid(f4eb283b24578414285b7b5691a8c643) Importer(815301076,1909f56bfc062723c751e8b465ee728b)  -> (artifact id: 'aac58e88711f88894d983c54e531d8fe') in 0.075452 seconds 
========================================================================
Received Import Request.
  Time since last request: 0.000015 seconds.
  path: Assets/Models/CarParts/SportsCarCollision.fbx
  artifactKey: Guid(7850de0a286adbf41a42b7bda7ad8cea) Importer(815301076,1909f56bfc062723c751e8b465ee728b)
Start importing Assets/Models/CarParts/SportsCarCollision.fbx using Guid(7850de0a286adbf41a42b7bda7ad8cea) Importer(815301076,1909f56bfc062723c751e8b465ee728b)  -> (artifact id: '6dfc6d3f4d6b48005a8212a793380e96') in 0.028488 seconds 
========================================================================
Received Import Request.
  Time since last request: 0.000017 seconds.
  path: Assets/Models/CarParts/TruckTyre.FBX
  artifactKey: Guid(3768588589245694eafca79d735753e5) Importer(815301076,1909f56bfc062723c751e8b465ee728b)
Start importing Assets/Models/CarParts/TruckTyre.FBX using Guid(3768588589245694eafca79d735753e5) Importer(815301076,1909f56bfc062723c751e8b465ee728b)  -> (artifact id: 'd54f0cc1407f868aed6205421bf22bc7') in 0.021719 seconds 
========================================================================
Received Import Request.
  Time since last request: 0.000019 seconds.
  path: Assets/Models/CarParts/TruckCollision.fbx
  artifactKey: Guid(b43c09d6dce10504fa8a843c78b133ae) Importer(815301076,1909f56bfc062723c751e8b465ee728b)
Start importing Assets/Models/CarParts/TruckCollision.fbx using Guid(b43c09d6dce10504fa8a843c78b133ae) Importer(815301076,1909f56bfc062723c751e8b465ee728b)  -> (artifact id: 'dfb2c69a844478a4c79ef013dc7d0dee') in 0.017167 seconds 
========================================================================
Received Import Request.
  Time since last request: 0.000019 seconds.
  path: Assets/Models/CarParts/SportsCarTyre.fbx
  artifactKey: Guid(01c23e3b42e6f4f44b3311dc6f472cfb) Importer(815301076,1909f56bfc062723c751e8b465ee728b)
Start importing Assets/Models/CarParts/SportsCarTyre.fbx using Guid(01c23e3b42e6f4f44b3311dc6f472cfb) Importer(815301076,1909f56bfc062723c751e8b465ee728b)  -> (artifact id: '8e01c6bbdd8856c748337672377aa07d') in 0.020597 seconds 
========================================================================
Received Import Request.
  Time since last request: 0.000017 seconds.
  path: Assets/Models/CarParts/SportsCarChassis.fbx
  artifactKey: Guid(e18a086252957a04d968114e3af8cc6d) Importer(815301076,1909f56bfc062723c751e8b465ee728b)
Start importing Assets/Models/CarParts/SportsCarChassis.fbx using Guid(e18a086252957a04d968114e3af8cc6d) Importer(815301076,1909f56bfc062723c751e8b465ee728b)  -> (artifact id: '6ba2fb038e2fb9b7fc39f64f8ea5d184') in 0.026077 seconds 
Editor requested this worker to shutdown with reason: Scaling down because of idle timeout
AssetImportWorker is now disconnected from the server
Process exiting
Exiting without the bug reporter. Application will terminate with return code 0